
> frontend-design-system@1.0.0 build-storybook
> storybook build --output-dir=C:\Users\sarpo\AppData\Local\Temp\chromatic--13360-ZPSVXmaIz2Xu

[1m@storybook/core v8.6.12
[22m
info => Cleaning outputDir: [36m..\..\..\AppData\Local\Temp\chromatic--13360-ZPSVXmaIz2Xu[39m
info => Loading presets
info => Building manager..
info => Manager built ([38;2;181;126;229m251 ms[39m)
info => Building preview..
WARN No story files found for the specified pattern: [34msrc\**\*.mdx[39m
info Using tsconfig paths for react-docgen
[36mvite v4.5.14 [32mbuilding for production...[36m[39m
transforming...
[32m✓[39m 2089 modules transformed.
rendering chunks...
computing gzip size...
[2m../../../AppData/Local/Temp/chromatic--13360-ZPSVXmaIz2Xu/[22m[32miframe.html                               [39m[1m[2m 17.79 kB[22m[1m[22m[2m │ gzip:   5.00 kB[22m
[2m../../../AppData/Local/Temp/chromatic--13360-ZPSVXmaIz2Xu/[22m[35massets/preview-04f6cdc0.css               [39m[1m[2m 17.19 kB[22m[1m[22m[2m │ gzip:   3.69 kB[22m
[2m../../../AppData/Local/Temp/chromatic--13360-ZPSVXmaIz2Xu/[22m[36massets/preview-1c5bde29.js                [39m[1m[2m  0.11 kB[22m[1m[22m[2m │ gzip:   0.11 kB[22m
[2m../../../AppData/Local/Temp/chromatic--13360-ZPSVXmaIz2Xu/[22m[36massets/preview-b98c0cf6.js                [39m[1m[2m  0.17 kB[22m[1m[22m[2m │ gzip:   0.16 kB[22m
[2m../../../AppData/Local/Temp/chromatic--13360-ZPSVXmaIz2Xu/[22m[36massets/preview-d0ce5b67.js                [39m[1m[2m  0.18 kB[22m[1m[22m[2m │ gzip:   0.16 kB[22m
[2m../../../AppData/Local/Temp/chromatic--13360-ZPSVXmaIz2Xu/[22m[36massets/index-e7e108c9.js                  [39m[1m[2m  0.42 kB[22m[1m[22m[2m │ gzip:   0.27 kB[22m
[2m../../../AppData/Local/Temp/chromatic--13360-ZPSVXmaIz2Xu/[22m[36massets/preview-8c2b145e.js                [39m[1m[2m  0.71 kB[22m[1m[22m[2m │ gzip:   0.50 kB[22m
[2m../../../AppData/Local/Temp/chromatic--13360-ZPSVXmaIz2Xu/[22m[36massets/chunk-XP5HYGXS-8b50b325.js         [39m[1m[2m  0.72 kB[22m[1m[22m[2m │ gzip:   0.41 kB[22m
[2m../../../AppData/Local/Temp/chromatic--13360-ZPSVXmaIz2Xu/[22m[36massets/index-356e4a49.js                  [39m[1m[2m  0.77 kB[22m[1m[22m[2m │ gzip:   0.47 kB[22m
[2m../../../AppData/Local/Temp/chromatic--13360-ZPSVXmaIz2Xu/[22m[36massets/preview-4193a419.js                [39m[1m[2m  0.78 kB[22m[1m[22m[2m │ gzip:   0.50 kB[22m
[2m../../../AppData/Local/Temp/chromatic--13360-ZPSVXmaIz2Xu/[22m[36massets/react-18-2c32f75d.js               [39m[1m[2m  0.80 kB[22m[1m[22m[2m │ gzip:   0.47 kB[22m
[2m../../../AppData/Local/Temp/chromatic--13360-ZPSVXmaIz2Xu/[22m[36massets/jsx-runtime-47c18db8.js            [39m[1m[2m  0.92 kB[22m[1m[22m[2m │ gzip:   0.58 kB[22m
[2m../../../AppData/Local/Temp/chromatic--13360-ZPSVXmaIz2Xu/[22m[36massets/index-5debc433.js                  [39m[1m[2m  1.12 kB[22m[1m[22m[2m │ gzip:   0.57 kB[22m
[2m../../../AppData/Local/Temp/chromatic--13360-ZPSVXmaIz2Xu/[22m[36massets/Typography-4cff5a61.js             [39m[1m[2m  1.28 kB[22m[1m[22m[2m │ gzip:   0.58 kB[22m
[2m../../../AppData/Local/Temp/chromatic--13360-ZPSVXmaIz2Xu/[22m[36massets/index-8ee3ba9a.js                  [39m[1m[2m  1.79 kB[22m[1m[22m[2m │ gzip:   0.91 kB[22m
[2m../../../AppData/Local/Temp/chromatic--13360-ZPSVXmaIz2Xu/[22m[36massets/x-57460c06.js                      [39m[1m[2m  2.14 kB[22m[1m[22m[2m │ gzip:   0.87 kB[22m
[2m../../../AppData/Local/Temp/chromatic--13360-ZPSVXmaIz2Xu/[22m[36massets/Checkbox.stories-5707d42d.js       [39m[1m[2m  3.33 kB[22m[1m[22m[2m │ gzip:   1.37 kB[22m
[2m../../../AppData/Local/Temp/chromatic--13360-ZPSVXmaIz2Xu/[22m[36massets/preview-adcc7ac1.js                [39m[1m[2m  3.57 kB[22m[1m[22m[2m │ gzip:   1.73 kB[22m
[2m../../../AppData/Local/Temp/chromatic--13360-ZPSVXmaIz2Xu/[22m[36massets/Typography.stories-038f80e8.js     [39m[1m[2m  4.81 kB[22m[1m[22m[2m │ gzip:   1.53 kB[22m
[2m../../../AppData/Local/Temp/chromatic--13360-ZPSVXmaIz2Xu/[22m[36massets/preview-fad4d79b.js                [39m[1m[2m  5.06 kB[22m[1m[22m[2m │ gzip:   1.88 kB[22m
[2m../../../AppData/Local/Temp/chromatic--13360-ZPSVXmaIz2Xu/[22m[36massets/Toast.stories-7f28fa31.js          [39m[1m[2m  6.36 kB[22m[1m[22m[2m │ gzip:   2.21 kB[22m
[2m../../../AppData/Local/Temp/chromatic--13360-ZPSVXmaIz2Xu/[22m[36massets/TextInput.stories-52af3884.js      [39m[1m[2m  6.43 kB[22m[1m[22m[2m │ gzip:   2.23 kB[22m
[2m../../../AppData/Local/Temp/chromatic--13360-ZPSVXmaIz2Xu/[22m[36massets/index-d806aa85.js                  [39m[1m[2m  7.35 kB[22m[1m[22m[2m │ gzip:   2.96 kB[22m
[2m../../../AppData/Local/Temp/chromatic--13360-ZPSVXmaIz2Xu/[22m[36massets/preview-0a3d7b22.js                [39m[1m[2m  7.62 kB[22m[1m[22m[2m │ gzip:   1.56 kB[22m
[2m../../../AppData/Local/Temp/chromatic--13360-ZPSVXmaIz2Xu/[22m[36massets/preview-9e19507e.js                [39m[1m[2m  8.29 kB[22m[1m[22m[2m │ gzip:   3.18 kB[22m
[2m../../../AppData/Local/Temp/chromatic--13360-ZPSVXmaIz2Xu/[22m[36massets/test-utils-9c1e024e.js             [39m[1m[2m 12.94 kB[22m[1m[22m[2m │ gzip:   5.03 kB[22m
[2m../../../AppData/Local/Temp/chromatic--13360-ZPSVXmaIz2Xu/[22m[36massets/Modal.stories-52f7053d.js          [39m[1m[2m 17.46 kB[22m[1m[22m[2m │ gzip:   5.39 kB[22m
[2m../../../AppData/Local/Temp/chromatic--13360-ZPSVXmaIz2Xu/[22m[36massets/Color-YHDXOIA2-486fe5ec.js         [39m[1m[2m 29.34 kB[22m[1m[22m[2m │ gzip:  11.03 kB[22m
[2m../../../AppData/Local/Temp/chromatic--13360-ZPSVXmaIz2Xu/[22m[36massets/entry-preview-8e9696b3.js          [39m[1m[2m 29.53 kB[22m[1m[22m[2m │ gzip:   9.43 kB[22m
[2m../../../AppData/Local/Temp/chromatic--13360-ZPSVXmaIz2Xu/[22m[36massets/index-222d11b8.js                  [39m[1m[2m 53.67 kB[22m[1m[22m[2m │ gzip:  15.55 kB[22m
[2m../../../AppData/Local/Temp/chromatic--13360-ZPSVXmaIz2Xu/[22m[36massets/proxy-7a651e9a.js                  [39m[1m[2m111.63 kB[22m[1m[22m[2m │ gzip:  37.01 kB[22m
[2m../../../AppData/Local/Temp/chromatic--13360-ZPSVXmaIz2Xu/[22m[36massets/index-4af5d0e8.js                  [39m[1m[2m133.98 kB[22m[1m[22m[2m │ gzip:  43.14 kB[22m
[2m../../../AppData/Local/Temp/chromatic--13360-ZPSVXmaIz2Xu/[22m[36massets/iframe-6441afb8.js                 [39m[1m[2m208.58 kB[22m[1m[22m[2m │ gzip:  71.57 kB[22m
[2m../../../AppData/Local/Temp/chromatic--13360-ZPSVXmaIz2Xu/[22m[36massets/entry-preview-docs-3584907f.js     [39m[1m[2m244.73 kB[22m[1m[22m[2m │ gzip:  73.42 kB[22m
[2m../../../AppData/Local/Temp/chromatic--13360-ZPSVXmaIz2Xu/[22m[36massets/index-135b5535.js                  [39m[1m[33m662.89 kB[39m[22m[2m │ gzip: 156.89 kB[22m
[2m../../../AppData/Local/Temp/chromatic--13360-ZPSVXmaIz2Xu/[22m[36massets/DocsRenderer-CFRXHY34-b9426d44.js  [39m[1m[33m887.59 kB[39m[22m[2m │ gzip: 277.82 kB[22m
[32m✓ built in 10.35s[39m
info => Preview built ([38;2;181;126;229m12 s[39m)
info => Output directory: C:\Users\sarpo\AppData\Local\Temp\chromatic--13360-ZPSVXmaIz2Xu
